<?xml version="1.0" encoding="UTF-8"?>
<testng-results ignored="0" total="2" passed="2" failed="0" skipped="0">
  <reporter-output>
  </reporter-output>
  <suite started-at="2022-09-21T11:05:29 EDT" name="Suite" finished-at="2022-09-21T11:05:48 EDT" duration-ms="19253">
    <groups>
      <group name="regression">
        <method signature="TC_001_AccountRegistrationTest.test_account_registraion()[pri:0, instance:testCases.TC_001_AccountRegistrationTest@4310d43]" name="test_account_registraion" class="testCases.TC_001_AccountRegistrationTest"/>
      </group> <!-- regression -->
      <group name="sanity">
        <method signature="TC_002_LoginTest.test_login()[pri:0, instance:testCases.TC_002_LoginTest@4659191b]" name="test_login" class="testCases.TC_002_LoginTest"/>
      </group> <!-- sanity -->
      <group name="master">
        <method signature="TC_001_AccountRegistrationTest.test_account_registraion()[pri:0, instance:testCases.TC_001_AccountRegistrationTest@4310d43]" name="test_account_registraion" class="testCases.TC_001_AccountRegistrationTest"/>
        <method signature="TC_002_LoginTest.test_login()[pri:0, instance:testCases.TC_002_LoginTest@4659191b]" name="test_login" class="testCases.TC_002_LoginTest"/>
      </group> <!-- master -->
    </groups>
    <test started-at="2022-09-21T11:05:29 EDT" name="Test" finished-at="2022-09-21T11:05:48 EDT" duration-ms="19253">
      <class name="testCases.TC_001_AccountRegistrationTest">
        <test-method is-config="true" signature="setup(java.lang.String)[pri:0, instance:testCases.TC_001_AccountRegistrationTest@4310d43]" started-at="2022-09-21T11:05:29 EDT" name="setup" finished-at="2022-09-21T11:05:37 EDT" duration-ms="7506" status="PASS">
          <params>
            <param index="0">
              <value>
                <![CDATA[chrome]]>
              </value>
            </param>
          </params>
          <reporter-output>
          </reporter-output>
        </test-method> <!-- setup -->
        <test-method signature="test_account_registraion()[pri:0, instance:testCases.TC_001_AccountRegistrationTest@4310d43]" started-at="2022-09-21T11:05:37 EDT" name="test_account_registraion" finished-at="2022-09-21T11:05:42 EDT" duration-ms="5253" status="PASS">
          <reporter-output>
          </reporter-output>
        </test-method> <!-- test_account_registraion -->
        <test-method is-config="true" signature="tearDown()[pri:0, instance:testCases.TC_001_AccountRegistrationTest@4310d43]" started-at="2022-09-21T11:05:42 EDT" name="tearDown" finished-at="2022-09-21T11:05:43 EDT" duration-ms="320" status="PASS">
          <reporter-output>
          </reporter-output>
        </test-method> <!-- tearDown -->
      </class> <!-- testCases.TC_001_AccountRegistrationTest -->
      <class name="testCases.TC_002_LoginTest">
        <test-method is-config="true" signature="setup(java.lang.String)[pri:0, instance:testCases.TC_002_LoginTest@4659191b]" started-at="2022-09-21T11:05:43 EDT" name="setup" finished-at="2022-09-21T11:05:45 EDT" duration-ms="2792" status="PASS">
          <params>
            <param index="0">
              <value>
                <![CDATA[chrome]]>
              </value>
            </param>
          </params>
          <reporter-output>
          </reporter-output>
        </test-method> <!-- setup -->
        <test-method signature="test_login()[pri:0, instance:testCases.TC_002_LoginTest@4659191b]" started-at="2022-09-21T11:05:45 EDT" name="test_login" finished-at="2022-09-21T11:05:48 EDT" duration-ms="2403" status="PASS">
          <reporter-output>
          </reporter-output>
        </test-method> <!-- test_login -->
        <test-method is-config="true" signature="tearDown()[pri:0, instance:testCases.TC_002_LoginTest@4659191b]" started-at="2022-09-21T11:05:48 EDT" name="tearDown" finished-at="2022-09-21T11:05:48 EDT" duration-ms="344" status="PASS">
          <reporter-output>
          </reporter-output>
        </test-method> <!-- tearDown -->
      </class> <!-- testCases.TC_002_LoginTest -->
    </test> <!-- Test -->
  </suite> <!-- Suite -->
</testng-results>
