<?xml version="1.0" encoding="UTF-8"?>
<testng-results ignored="0" total="2" passed="2" failed="0" skipped="0">
  <reporter-output>
  </reporter-output>
  <suite started-at="2022-09-20T11:01:10 EDT" name="Suite" finished-at="2022-09-20T11:01:34 EDT" duration-ms="24270">
    <groups>
      <group name="regression">
        <method signature="TC_001_AccountRegistrationTest.test_account_registraion()[pri:0, instance:testCases.TC_001_AccountRegistrationTest@1b7cc17c]" name="test_account_registraion" class="testCases.TC_001_AccountRegistrationTest"/>
      </group> <!-- regression -->
      <group name="sanity">
        <method signature="TC_002_LoginTest.test_login()[pri:0, instance:testCases.TC_002_LoginTest@35e2d654]" name="test_login" class="testCases.TC_002_LoginTest"/>
      </group> <!-- sanity -->
      <group name="master">
        <method signature="TC_001_AccountRegistrationTest.test_account_registraion()[pri:0, instance:testCases.TC_001_AccountRegistrationTest@1b7cc17c]" name="test_account_registraion" class="testCases.TC_001_AccountRegistrationTest"/>
        <method signature="TC_002_LoginTest.test_login()[pri:0, instance:testCases.TC_002_LoginTest@35e2d654]" name="test_login" class="testCases.TC_002_LoginTest"/>
      </group> <!-- master -->
    </groups>
    <test started-at="2022-09-20T11:01:10 EDT" name="Test" finished-at="2022-09-20T11:01:34 EDT" duration-ms="24270">
      <class name="testCases.TC_001_AccountRegistrationTest">
        <test-method is-config="true" signature="setup(java.lang.String)[pri:0, instance:testCases.TC_001_AccountRegistrationTest@1b7cc17c]" started-at="2022-09-20T11:01:11 EDT" name="setup" finished-at="2022-09-20T11:01:22 EDT" duration-ms="11229" status="PASS">
          <params>
            <param index="0">
              <value>
                <![CDATA[chrome]]>
              </value>
            </param>
          </params>
          <reporter-output>
          </reporter-output>
        </test-method> <!-- setup -->
        <test-method signature="test_account_registraion()[pri:0, instance:testCases.TC_001_AccountRegistrationTest@1b7cc17c]" started-at="2022-09-20T11:01:22 EDT" name="test_account_registraion" finished-at="2022-09-20T11:01:28 EDT" duration-ms="6060" status="PASS">
          <reporter-output>
          </reporter-output>
        </test-method> <!-- test_account_registraion -->
        <test-method is-config="true" signature="tearDown()[pri:0, instance:testCases.TC_001_AccountRegistrationTest@1b7cc17c]" started-at="2022-09-20T11:01:28 EDT" name="tearDown" finished-at="2022-09-20T11:01:28 EDT" duration-ms="357" status="PASS">
          <reporter-output>
          </reporter-output>
        </test-method> <!-- tearDown -->
      </class> <!-- testCases.TC_001_AccountRegistrationTest -->
      <class name="testCases.TC_002_LoginTest">
        <test-method is-config="true" signature="setup(java.lang.String)[pri:0, instance:testCases.TC_002_LoginTest@35e2d654]" started-at="2022-09-20T11:01:28 EDT" name="setup" finished-at="2022-09-20T11:01:31 EDT" duration-ms="2808" status="PASS">
          <params>
            <param index="0">
              <value>
                <![CDATA[chrome]]>
              </value>
            </param>
          </params>
          <reporter-output>
          </reporter-output>
        </test-method> <!-- setup -->
        <test-method signature="test_login()[pri:0, instance:testCases.TC_002_LoginTest@35e2d654]" started-at="2022-09-20T11:01:31 EDT" name="test_login" finished-at="2022-09-20T11:01:34 EDT" duration-ms="2835" status="PASS">
          <reporter-output>
          </reporter-output>
        </test-method> <!-- test_login -->
        <test-method is-config="true" signature="tearDown()[pri:0, instance:testCases.TC_002_LoginTest@35e2d654]" started-at="2022-09-20T11:01:34 EDT" name="tearDown" finished-at="2022-09-20T11:01:34 EDT" duration-ms="433" status="PASS">
          <reporter-output>
          </reporter-output>
        </test-method> <!-- tearDown -->
      </class> <!-- testCases.TC_002_LoginTest -->
    </test> <!-- Test -->
  </suite> <!-- Suite -->
</testng-results>
